<?xml version="1.0" encoding="utf-8"?>
<coverage line-rate="1" branch-rate="1" version="1.9" timestamp="1776028020" lines-covered="35" lines-valid="35" branches-covered="26" branches-valid="26">
  <sources>
    <source>/</source>
  </sources>
  <packages>
    <package name="SkiaSharpGames.GameEngine" line-rate="1" branch-rate="1" complexity="29">
      <classes>
        <class name="SkiaSharpGames.GameEngine.CollisionResolver" filename="home/runner/work/SkiaSharpGames/SkiaSharpGames/src/GameEngine/CollisionResolver.cs" line-rate="1" branch-rate="1" complexity="29">
          <methods>
            <method name="Overlaps" signature="(SkiaSharpGames.GameEngine.PhysicsBody,SkiaSharpGames.GameEngine.PhysicsBody)" line-rate="1" branch-rate="1" complexity="12">
              <lines>
                <line number="19" hits="24" branch="True" condition-coverage="100% (4/4)">
                  <conditions>
                    <condition number="8" type="jump" coverage="100%" />
                    <condition number="18" type="jump" coverage="100%" />
                  </conditions>
                </line>
                <line number="20" hits="18" branch="True" condition-coverage="100% (4/4)">
                  <conditions>
                    <condition number="36" type="jump" coverage="100%" />
                    <condition number="46" type="jump" coverage="100%" />
                  </conditions>
                </line>
                <line number="21" hits="9" branch="True" condition-coverage="100% (4/4)">
                  <conditions>
                    <condition number="66" type="jump" coverage="100%" />
                    <condition number="78" type="jump" coverage="100%" />
                  </conditions>
                </line>
                <line number="22" hits="3" branch="False" />
              </lines>
            </method>
            <method name="Reflect" signature="(SkiaSharpGames.GameEngine.PhysicsBody,SkiaSharpGames.GameEngine.PhysicsBody)" line-rate="1" branch-rate="1" complexity="4">
              <lines>
                <line number="36" hits="6" branch="True" condition-coverage="100% (4/4)">
                  <conditions>
                    <condition number="8" type="jump" coverage="100%" />
                    <condition number="18" type="jump" coverage="100%" />
                  </conditions>
                </line>
                <line number="37" hits="3" branch="False" />
                <line number="38" hits="6" branch="False" />
              </lines>
            </method>
            <method name="ReflectOff" signature="(SkiaSharpGames.GameEngine.PhysicsBody,SkiaSharpGames.GameEngine.PhysicsBody)" line-rate="1" branch-rate="1" complexity="8">
              <lines>
                <line number="49" hits="7" branch="True" condition-coverage="100% (2/2)">
                  <conditions>
                    <condition number="7" type="jump" coverage="100%" />
                  </conditions>
                </line>
                <line number="51" hits="5" branch="True" condition-coverage="100% (4/4)">
                  <conditions>
                    <condition number="19" type="jump" coverage="100%" />
                    <condition number="32" type="jump" coverage="100%" />
                  </conditions>
                </line>
                <line number="53" hits="4" branch="False" />
                <line number="54" hits="2" branch="False" />
                <line number="55" hits="2" branch="True" condition-coverage="100% (2/2)">
                  <conditions>
                    <condition number="86" type="jump" coverage="100%" />
                  </conditions>
                </line>
                <line number="57" hits="2" branch="False" />
                <line number="58" hits="1" branch="False" />
                <line number="59" hits="1" branch="False" />
                <line number="60" hits="1" branch="False" />
                <line number="62" hits="2" branch="False" />
                <line number="65" hits="3" branch="False" />
                <line number="66" hits="3" branch="False" />
              </lines>
            </method>
            <method name="ReflectCircleOnRect" signature="(SkiaSharpGames.GameEngine.CircleBody,SkiaSharpGames.GameEngine.RectBody)" line-rate="1" branch-rate="1" complexity="2">
              <lines>
                <line number="73" hits="3" branch="False" />
                <line number="74" hits="3" branch="False" />
                <line number="75" hits="3" branch="False" />
                <line number="76" hits="3" branch="False" />
                <line number="77" hits="3" branch="False" />
                <line number="78" hits="3" branch="False" />
                <line number="80" hits="5" branch="True" condition-coverage="100% (2/2)">
                  <conditions>
                    <condition number="112" type="jump" coverage="100%" />
                  </conditions>
                </line>
                <line number="81" hits="1" branch="False" />
                <line number="82" hits="1" branch="False" />
              </lines>
            </method>
            <method name="CircleCircle" signature="(SkiaSharpGames.GameEngine.CircleBody,SkiaSharpGames.GameEngine.CircleBody)" line-rate="1" branch-rate="1" complexity="1">
              <lines>
                <line number="86" hits="18" branch="False" />
                <line number="87" hits="6" branch="False" />
              </lines>
            </method>
            <method name="CircleRect" signature="(SkiaSharpGames.GameEngine.CircleBody,SkiaSharpGames.GameEngine.RectBody)" line-rate="1" branch-rate="1" complexity="1">
              <lines>
                <line number="92" hits="9" branch="False" />
                <line number="93" hits="9" branch="False" />
                <line number="94" hits="18" branch="False" />
                <line number="95" hits="9" branch="False" />
              </lines>
            </method>
            <method name="RectRect" signature="(SkiaSharpGames.GameEngine.PhysicsBody,SkiaSharpGames.GameEngine.PhysicsBody)" line-rate="1" branch-rate="1" complexity="1">
              <lines>
                <line number="99" hits="3" branch="False" />
              </lines>
            </method>
          </methods>
          <lines>
            <line number="19" hits="24" branch="True" condition-coverage="100% (4/4)">
              <conditions>
                <condition number="8" type="jump" coverage="100%" />
                <condition number="18" type="jump" coverage="100%" />
              </conditions>
            </line>
            <line number="20" hits="18" branch="True" condition-coverage="100% (4/4)">
              <conditions>
                <condition number="36" type="jump" coverage="100%" />
                <condition number="46" type="jump" coverage="100%" />
              </conditions>
            </line>
            <line number="21" hits="9" branch="True" condition-coverage="100% (4/4)">
              <conditions>
                <condition number="66" type="jump" coverage="100%" />
                <condition number="78" type="jump" coverage="100%" />
              </conditions>
            </line>
            <line number="22" hits="3" branch="False" />
            <line number="36" hits="6" branch="True" condition-coverage="100% (4/4)">
              <conditions>
                <condition number="8" type="jump" coverage="100%" />
                <condition number="18" type="jump" coverage="100%" />
              </conditions>
            </line>
            <line number="37" hits="3" branch="False" />
            <line number="38" hits="6" branch="False" />
            <line number="49" hits="7" branch="True" condition-coverage="100% (2/2)">
              <conditions>
                <condition number="7" type="jump" coverage="100%" />
              </conditions>
            </line>
            <line number="51" hits="5" branch="True" condition-coverage="100% (4/4)">
              <conditions>
                <condition number="19" type="jump" coverage="100%" />
                <condition number="32" type="jump" coverage="100%" />
              </conditions>
            </line>
            <line number="53" hits="4" branch="False" />
            <line number="54" hits="2" branch="False" />
            <line number="55" hits="2" branch="True" condition-coverage="100% (2/2)">
              <conditions>
                <condition number="86" type="jump" coverage="100%" />
              </conditions>
            </line>
            <line number="57" hits="2" branch="False" />
            <line number="58" hits="1" branch="False" />
            <line number="59" hits="1" branch="False" />
            <line number="60" hits="1" branch="False" />
            <line number="62" hits="2" branch="False" />
            <line number="65" hits="3" branch="False" />
            <line number="66" hits="3" branch="False" />
            <line number="73" hits="3" branch="False" />
            <line number="74" hits="3" branch="False" />
            <line number="75" hits="3" branch="False" />
            <line number="76" hits="3" branch="False" />
            <line number="77" hits="3" branch="False" />
            <line number="78" hits="3" branch="False" />
            <line number="80" hits="5" branch="True" condition-coverage="100% (2/2)">
              <conditions>
                <condition number="112" type="jump" coverage="100%" />
              </conditions>
            </line>
            <line number="81" hits="1" branch="False" />
            <line number="82" hits="1" branch="False" />
            <line number="86" hits="18" branch="False" />
            <line number="87" hits="6" branch="False" />
            <line number="92" hits="9" branch="False" />
            <line number="93" hits="9" branch="False" />
            <line number="94" hits="18" branch="False" />
            <line number="95" hits="9" branch="False" />
            <line number="99" hits="3" branch="False" />
          </lines>
        </class>
      </classes>
    </package>
  </packages>
</coverage>